0d33be6a-6646-11e3-b91b-001f3b596ec9 ubstud:/home/sunny/src/git/utils/ timestamp=1387193680.754472s
1f7c7ee6-7d53-48ba-87b0-557327e7fdfb flytte@php55-shell://home/3/f/flytte/src/git/utils timestamp=1461794940.130299s
25eb84fa-67eb-11e3-a873-001f3b596ec9 ubstud:/home/sunny/repos/Git/utils.git timestamp=1387374540.297909s
298d8953-823f-4aee-9dc0-7fda56c1ecbb sunny@ubstud:/ubstud/home/sunny/repos/Git/utils.git timestamp=1387374175.912825s
306eb0b2-8965-4253-a6ca-ee406c837fcb sunny@linode:~/src/git/utils timestamp=1392084575.975856s
3898c878-0cdb-11e6-ac74-5332055e2901 flytte@php55-shell:~/src/git/utils timestamp=1461804639.609991s
3d1ac100-67ea-11e3-b139-001f3b596ec9 passp-1tb-home/sunny/repos/Git/utils.git timestamp=1387374149.7068s
4e3596ed-2df9-4c4b-9f2f-fdf593b282f2 sunny@ubstud:~/repos/Git/utils.git timestamp=1387374468.221764s
4ec851a8-0cbe-11e6-9c12-02010e0a6634 sunny@bellmann:~/src/git/utils timestamp=1461793503.284506s
5b6f0a92-67e7-11e3-84d8-001f3b596ec9 passp-1tb-home/sunny/src/git/utils timestamp=1387372914.236595s
7bdb9422-0cd5-11e6-9cac-fefdb24f8e10 sunny@sunbase:~/src/git/utils.dev timestamp=1461802172.930182s
7c760fdc-0cc8-11e6-8339-02010e0a6634 sunny@bellmann:~/src/git/utils/tests/log timestamp=1461796591.265953s
7d524d78-0d9d-11e6-abb2-02010e0a6634 /media/targus-2gb/repos/Git/utils.git timestamp=1461888080.562049s
a06e4e04-0cbe-11e6-9cac-fefdb24f8e10 sunny@sunbase:/opt/repos/Git-spread/utils.git timestamp=1461795705.353019s
a5039ada-b642-49c4-a037-5ba611d1b402 sunny@bellmann:/bellmann/home/sunny/src/git/utils/tests/log timestamp=1461792584.096022s
b0e7c048-6645-11e3-a95d-fefdb24f8e10 linode:/home/sunny/src/git/utils/ timestamp=1392087646.182437s
b2ef0954-0dec-11e6-9cac-fefdb24f8e10 sunny@sunbase:~/div/gitlab-annex/utils timestamp=1461922094.873019s
b3373540-0cc9-11e6-bc6e-02010e0a6634 /media/passp-1tb-root/home/sunny/src/git/utils timestamp=1461797115.875053s
c9616982-0cbd-11e6-9cac-fefdb24f8e10 sunny@sunbase:/opt/repos/Git/utils.git timestamp=1461795538.241725s
d904a476-0cc7-11e6-b84d-02010e0a6634 /media/passp-1tb-root/home/sunny/repos/Git/utils.git timestamp=1461796318.933917s
daa3b8c3-0d76-43c0-a197-f1a4475f4cf4 git@gitlab.com:sunny256/utils.git timestamp=1461923519.473855s
ddf47d6c-0cbd-11e6-9cac-fefdb24f8e10 sunny@sunbase:~/src/git/utils timestamp=1461795493.821612s
e2e0f356-6647-11e3-b08d-f23c916913c2 alfa timestamp=1387194468.827573s
e637d52e-0358-11e5-9ddf-000df06acc56 sunny@bellmann:/opt/repos/Git/utils.git timestamp=1461794922.12822s
ec6c973e-0cbe-11e6-bc53-02010e0a6634 sunny@bellmann:~/src/git/.er_ikke_i_bellmann/utils.dev timestamp=1461795047.239677s
edc31ec9-d5bf-45db-9001-5c3b0eaf85b1 sunny@ubstud:/ubstud/home/sunny/repos/Git/utils.git timestamp=1397937806.899421s
f4af88d0-0f9c-11e6-96da-02010e0a6634 /media/seagate-3tb/repos/Git/utils.git timestamp=1462107750.808717s
